<?xml version="1.0" encoding="UTF-8"?>
<testng-results skipped="0" failed="0" ignored="0" total="3" passed="3">
  <reporter-output>
  </reporter-output>
  <suite name="Default suite" duration-ms="48" started-at="2022-07-13T13:41:56Z" finished-at="2022-07-13T13:41:56Z">
    <groups>
    </groups>
    <test name="Default test" duration-ms="48" started-at="2022-07-13T13:41:56Z" finished-at="2022-07-13T13:41:56Z">
      <class name="org.dataprovider.b1">
        <test-method status="PASS" signature="testb1()[pri:0, instance:org.dataprovider.b1@7cd62f43]" name="testb1" duration-ms="11" started-at="2022-07-13T13:41:56Z" finished-at="2022-07-13T13:41:56Z">
          <reporter-output>
          </reporter-output>
        </test-method> <!-- testb1 -->
        <test-method status="PASS" signature="testb2()[pri:0, instance:org.dataprovider.b1@7cd62f43]" name="testb2" duration-ms="2" started-at="2022-07-13T13:41:56Z" finished-at="2022-07-13T13:41:56Z">
          <reporter-output>
          </reporter-output>
        </test-method> <!-- testb2 -->
        <test-method status="PASS" signature="testb3()[pri:0, instance:org.dataprovider.b1@7cd62f43]" name="testb3" duration-ms="2" started-at="2022-07-13T13:41:56Z" finished-at="2022-07-13T13:41:56Z">
          <reporter-output>
          </reporter-output>
        </test-method> <!-- testb3 -->
      </class> <!-- org.dataprovider.b1 -->
    </test> <!-- Default test -->
  </suite> <!-- Default suite -->
</testng-results>
